<?xml version="1.0" encoding="UTF-8"?>
<!-- Generated by org.testng.reporters.JUnitXMLReporter -->
<testsuite hostname="SANDEEPINI" name="Test" tests="3" failures="0" timestamp="19 Feb 2020 09:25:02 GMT" time="85.054" errors="0">
  <testcase name="createCustomer" time="0.01" classname="com.actitime.test.CustomerModule"/>
  <testcase name="deleteCustomer" time="0.001" classname="com.actitime.test.CustomerModule"/>
  <testcase name="editCustumer" time="0.001" classname="com.actitime.test.CustomerModule2"/>
</testsuite> <!-- Test -->
