<?xml version="1.0" encoding="UTF-8"?>
<!-- Generated by org.testng.reporters.JUnitXMLReporter -->
<testsuite hostname="SANDEEPINI" name="TestBlock1" tests="1" failures="1" timestamp="19 Feb 2020 11:03:54 GMT" time="15.252" errors="0">
  <testcase name="createCustomer" time="0.023" classname="com.actitime.test.CustomerModule">
    <failure type="java.lang.AssertionError" message="null">
      <![CDATA[java.lang.AssertionError: null
	at com.actitime.test.CustomerModule.createCustomer(CustomerModule.java:20)
... Removed 26 stack frames]]>
    </failure>
  </testcase> <!-- createCustomer -->
</testsuite> <!-- TestBlock1 -->
