<?xml version="1.0" encoding="UTF-8"?>
<testng-results skipped="0" failed="0" total="1" passed="1">
  <reporter-output>
  </reporter-output>
  <suite name="Default suite" duration-ms="6896" started-at="2020-02-25T10:53:10Z" finished-at="2020-02-25T10:53:17Z">
    <groups>
    </groups>
    <test name="Default test" duration-ms="6896" started-at="2020-02-25T10:53:10Z" finished-at="2020-02-25T10:53:17Z">
      <class name="com.actitime.test.ValidLogin">
        <test-method status="PASS" signature="testValidLogin()[pri:0, instance:com.actitime.test.ValidLogin@64c64813]" name="testValidLogin" duration-ms="6876" started-at="2020-02-25T16:23:10Z" finished-at="2020-02-25T16:23:17Z">
          <reporter-output>
          </reporter-output>
        </test-method> <!-- testValidLogin -->
      </class> <!-- com.actitime.test.ValidLogin -->
    </test> <!-- Default test -->
  </suite> <!-- Default suite -->
</testng-results>
